2025-04-26 01:16:39,442 - INFO - Downloading: https://jsoneditoronline.org/
2025-04-26 01:16:39,442 - INFO - Downloading: https://jsoneditoronline.org/_astro/_commonjsHelpers.CqkleIqs.js
2025-04-26 01:16:39,443 - INFO - Downloading: https://jsoneditoronline.org/_astro/about.BypuwuXl.css
2025-04-26 01:16:39,443 - INFO - Downloading: https://jsoneditoronline.org/_astro/abstract-1392404_1280.HGfrnsoV_Z4hoE1.webp
2025-04-26 01:16:39,444 - INFO - Downloading: https://jsoneditoronline.org/_astro/AccountMenu.eqCJ9znk.js
2025-04-26 01:16:39,444 - INFO - Downloading: https://jsoneditoronline.org/_astro/App.B6cng7kV.js
2025-04-26 01:16:39,751 - INFO - Saved to: jsoneditor_static\_astro/about.BypuwuXl.css
2025-04-26 01:16:39,760 - INFO - Saved to: jsoneditor_static\_astro/_commonjsHelpers.CqkleIqs.js
2025-04-26 01:16:39,860 - INFO - Saved to: jsoneditor_static\_astro/abstract-1392404_1280.HGfrnsoV_Z4hoE1.webp
2025-04-26 01:16:39,878 - INFO - Saved to: jsoneditor_static\_astro/AccountMenu.eqCJ9znk.js
2025-04-26 01:16:39,956 - INFO - Saved to: jsoneditor_static\_astro/App.B6cng7kV.js
2025-04-26 01:16:40,048 - INFO - Downloading: https://jsoneditoronline.org/_astro/App.CeYHAfkC.js
2025-04-26 01:16:40,053 - INFO - Saved to: jsoneditor_static\index.html
2025-04-26 01:16:40,095 - INFO - Downloading: https://jsoneditoronline.org/_astro/App.DztbREUB.css
2025-04-26 01:16:40,186 - INFO - Downloading: https://jsoneditoronline.org/_astro/attributes.DxkSPAM3.js
2025-04-26 01:16:40,217 - INFO - Downloading: https://jsoneditoronline.org/_astro/client.CwqFSfrr.js
2025-04-26 01:16:40,248 - INFO - Downloading: https://jsoneditoronline.org/_astro/client.svelte.Ddrd3KR-.js
2025-04-26 01:16:40,262 - INFO - Saved to: jsoneditor_static\_astro/App.CeYHAfkC.js
2025-04-26 01:16:40,310 - INFO - Saved to: jsoneditor_static\_astro/App.DztbREUB.css
2025-04-26 01:16:40,372 - INFO - Downloading: https://jsoneditoronline.org/_astro/client.VHhTgbqr.js
2025-04-26 01:16:40,435 - INFO - Saved to: jsoneditor_static\_astro/attributes.DxkSPAM3.js
2025-04-26 01:16:40,437 - INFO - Saved to: jsoneditor_static\_astro/client.CwqFSfrr.js
2025-04-26 01:16:40,461 - INFO - Saved to: jsoneditor_static\_astro/client.svelte.Ddrd3KR-.js
2025-04-26 01:16:40,556 - INFO - Downloading: https://jsoneditoronline.org/_astro/compare.CeFUArSf_Z27shHm.png
2025-04-26 01:16:40,647 - INFO - Downloading: https://jsoneditoronline.org/_astro/configuration_modal.Bzy_qwrB_Z1OBV1d.png
2025-04-26 01:16:40,723 - INFO - Downloading: https://jsoneditoronline.org/_astro/ConfigurationModal.DBM8hvua.js
2025-04-26 01:16:40,723 - INFO - Downloading: https://jsoneditoronline.org/_astro/configure_json_schema.DBroctYU_Z1ufEXJ.png
2025-04-26 01:16:40,772 - INFO - Saved to: jsoneditor_static\_astro/client.VHhTgbqr.js
2025-04-26 01:16:40,800 - INFO - Downloading: https://jsoneditoronline.org/_astro/constants.DLPHiTRJ.js
2025-04-26 01:16:41,058 - INFO - Saved to: jsoneditor_static\_astro/ConfigurationModal.DBM8hvua.js
2025-04-26 01:16:41,076 - INFO - Saved to: jsoneditor_static\_astro/compare.CeFUArSf_Z27shHm.png
2025-04-26 01:16:41,111 - INFO - Downloading: https://jsoneditoronline.org/_astro/context_menu_insert.C77U70AC_Z1JGrmY.png
2025-04-26 01:16:41,114 - INFO - Saved to: jsoneditor_static\_astro/configuration_modal.Bzy_qwrB_Z1OBV1d.png
2025-04-26 01:16:41,131 - INFO - Saved to: jsoneditor_static\_astro/configure_json_schema.DBroctYU_Z1ufEXJ.png
2025-04-26 01:16:41,133 - INFO - Saved to: jsoneditor_static\_astro/constants.DLPHiTRJ.js
2025-04-26 01:16:41,342 - INFO - Downloading: https://jsoneditoronline.org/_astro/context_menu_replace.CHv0_WQK_KOy0i.png
2025-04-26 01:16:41,359 - INFO - Saved to: jsoneditor_static\_astro/context_menu_insert.C77U70AC_Z1JGrmY.png
2025-04-26 01:16:41,387 - INFO - Downloading: https://jsoneditoronline.org/_astro/cooking-with-JSON-and-CSV.2d7_aJib_Z1RCUDL.webp
2025-04-26 01:16:41,387 - INFO - Downloading: https://jsoneditoronline.org/_astro/copy_formatted_compact.DRF23yzs_ZgTmPW.png
2025-04-26 01:16:41,433 - INFO - Downloading: https://jsoneditoronline.org/_astro/csv2json.D_hONyjZ.js
2025-04-26 01:16:41,509 - INFO - Downloading: https://jsoneditoronline.org/_astro/debug.DRjTZKen.js
2025-04-26 01:16:41,573 - INFO - Saved to: jsoneditor_static\_astro/context_menu_replace.CHv0_WQK_KOy0i.png
2025-04-26 01:16:41,613 - INFO - Saved to: jsoneditor_static\_astro/copy_formatted_compact.DRF23yzs_ZgTmPW.png
2025-04-26 01:16:41,671 - INFO - Saved to: jsoneditor_static\_astro/cooking-with-JSON-and-CSV.2d7_aJib_Z1RCUDL.webp
2025-04-26 01:16:41,685 - INFO - Saved to: jsoneditor_static\_astro/csv2json.D_hONyjZ.js
2025-04-26 01:16:41,743 - INFO - Downloading: https://jsoneditoronline.org/_astro/document_properties_modal.X7EHlOLb_2e6c8F.png
2025-04-26 01:16:41,807 - INFO - Saved to: jsoneditor_static\_astro/debug.DRjTZKen.js
2025-04-26 01:16:41,912 - INFO - Downloading: https://jsoneditoronline.org/_astro/each.CJhK8xEO.js
2025-04-26 01:16:41,956 - INFO - Saved to: jsoneditor_static\_astro/document_properties_modal.X7EHlOLb_2e6c8F.png
2025-04-26 01:16:41,975 - INFO - Downloading: https://jsoneditoronline.org/_astro/edit_table_mode.liQT6Wji_dF0WG.png
2025-04-26 01:16:41,990 - INFO - Downloading: https://jsoneditoronline.org/_astro/edit_text_mode.C7qnybMJ_ZF5PrY.png
2025-04-26 01:16:42,037 - INFO - Downloading: https://jsoneditoronline.org/_astro/edit_tree_mode.B1s2bWI3_2a6O2K.gif
2025-04-26 01:16:42,118 - INFO - Saved to: jsoneditor_static\_astro/each.CJhK8xEO.js
2025-04-26 01:16:42,161 - INFO - Downloading: https://jsoneditoronline.org/_astro/export_csv.CoONxQnl_Z1RCjkD.png
2025-04-26 01:16:42,203 - INFO - Saved to: jsoneditor_static\_astro/edit_table_mode.liQT6Wji_dF0WG.png
2025-04-26 01:16:42,224 - INFO - Saved to: jsoneditor_static\_astro/edit_text_mode.C7qnybMJ_ZF5PrY.png
2025-04-26 01:16:42,253 - INFO - Downloading: https://jsoneditoronline.org/_astro/filter-coffee-3767936_1280.CyhI9r4h_nJHyG.webp
2025-04-26 01:16:42,449 - INFO - Saved to: jsoneditor_static\_astro/edit_tree_mode.B1s2bWI3_2a6O2K.gif
2025-04-26 01:16:42,484 - INFO - Downloading: https://jsoneditoronline.org/_astro/floating-ui.dom.BVVWGuUJ.js
2025-04-26 01:16:42,561 - INFO - Downloading: https://jsoneditoronline.org/_astro/fontUtils.BV5T5L3M.js
2025-04-26 01:16:42,561 - INFO - Downloading: https://jsoneditoronline.org/_astro/format_compact.Df7xtaGd_Z2cdQBh.png
2025-04-26 01:16:42,593 - INFO - Saved to: jsoneditor_static\_astro/export_csv.CoONxQnl_Z1RCjkD.png
2025-04-26 01:16:42,611 - INFO - Saved to: jsoneditor_static\_astro/filter-coffee-3767936_1280.CyhI9r4h_nJHyG.webp
2025-04-26 01:16:42,730 - INFO - Downloading: https://jsoneditoronline.org/_astro/Icon.GMP3uTlf.js
2025-04-26 01:16:42,803 - INFO - Saved to: jsoneditor_static\_astro/floating-ui.dom.BVVWGuUJ.js
2025-04-26 01:16:42,809 - INFO - Saved to: jsoneditor_static\_astro/format_compact.Df7xtaGd_Z2cdQBh.png
2025-04-26 01:16:42,828 - INFO - Saved to: jsoneditor_static\_astro/fontUtils.BV5T5L3M.js
2025-04-26 01:16:42,917 - INFO - Downloading: https://jsoneditoronline.org/_astro/import_csv.B72P4ZZ7_HfN59.png
2025-04-26 01:16:42,964 - INFO - Saved to: jsoneditor_static\_astro/Icon.GMP3uTlf.js
2025-04-26 01:16:42,981 - INFO - Downloading: https://jsoneditoronline.org/_astro/index-client.C-wt66Yk.js
2025-04-26 01:16:43,108 - INFO - Downloading: https://jsoneditoronline.org/_astro/index.-DrlcFrU.js
2025-04-26 01:16:43,124 - INFO - Downloading: https://jsoneditoronline.org/_astro/index.B2YNouON.js
2025-04-26 01:16:43,139 - INFO - Downloading: https://jsoneditoronline.org/_astro/index.BGd5Ky0j.js
2025-04-26 01:16:43,203 - INFO - Saved to: jsoneditor_static\_astro/import_csv.B72P4ZZ7_HfN59.png
2025-04-26 01:16:43,207 - INFO - Saved to: jsoneditor_static\_astro/index-client.C-wt66Yk.js
2025-04-26 01:16:43,340 - INFO - Downloading: https://jsoneditoronline.org/_astro/index.BqJQxrZM.js
2025-04-26 01:16:43,354 - INFO - Saved to: jsoneditor_static\_astro/index.BGd5Ky0j.js
2025-04-26 01:16:43,379 - INFO - Saved to: jsoneditor_static\_astro/index.B2YNouON.js
2025-04-26 01:16:43,526 - INFO - Saved to: jsoneditor_static\_astro/index.-DrlcFrU.js
2025-04-26 01:16:43,537 - INFO - Downloading: https://jsoneditoronline.org/_astro/index.JCE9Chyq.js
2025-04-26 01:16:43,553 - INFO - Downloading: https://jsoneditoronline.org/_astro/industry-3340036_1280.CBbxU5xQ_1P24lU.webp
2025-04-26 01:16:43,662 - INFO - Downloading: https://jsoneditoronline.org/_astro/isEmpty.yPRxPQfS.js
2025-04-26 01:16:43,682 - INFO - Saved to: jsoneditor_static\_astro/index.BqJQxrZM.js
2025-04-26 01:16:43,709 - INFO - Downloading: https://jsoneditoronline.org/_astro/json-alternatives-for-configuration-files.CWUWYgqX_20iRT8.webp
2025-04-26 01:16:43,734 - INFO - Saved to: jsoneditor_static\_astro/index.JCE9Chyq.js
2025-04-26 01:16:43,772 - INFO - Saved to: jsoneditor_static\_astro/industry-3340036_1280.CBbxU5xQ_1P24lU.webp
2025-04-26 01:16:43,817 - INFO - Downloading: https://jsoneditoronline.org/_astro/json-alternatives-for-data.DpcwHFJi_Znp1RA.webp
2025-04-26 01:16:43,867 - INFO - Saved to: jsoneditor_static\_astro/isEmpty.yPRxPQfS.js
2025-04-26 01:16:43,954 - INFO - Downloading: https://jsoneditoronline.org/_astro/json-data.DmifrcvR_Z1xm4IB.webp
2025-04-26 01:16:43,972 - INFO - Saved to: jsoneditor_static\_astro/json-alternatives-for-configuration-files.CWUWYgqX_20iRT8.webp
2025-04-26 01:16:44,032 - INFO - Downloading: https://jsoneditoronline.org/_astro/json-schema-draft-06.BUXeb-dj.js
2025-04-26 01:16:44,082 - INFO - Saved to: jsoneditor_static\_astro/json-alternatives-for-data.DpcwHFJi_Znp1RA.webp
2025-04-26 01:16:44,141 - INFO - Downloading: https://jsoneditoronline.org/_astro/json_schema_modal.VPS6QhpH_Z25XQyF.png
2025-04-26 01:16:44,189 - INFO - Saved to: jsoneditor_static\_astro/json-data.DmifrcvR_Z1xm4IB.webp
2025-04-26 01:16:44,203 - INFO - Downloading: https://jsoneditoronline.org/_astro/json_schema_validation.2NWN45Tm_ZWb3qu.png
2025-04-26 01:16:44,267 - INFO - Saved to: jsoneditor_static\_astro/json-schema-draft-06.BUXeb-dj.js
2025-04-26 01:16:44,295 - INFO - Downloading: https://jsoneditoronline.org/_astro/JSONEditorComponent.bUYtOSjE.js
2025-04-26 01:16:44,358 - INFO - Downloading: https://jsoneditoronline.org/_astro/JSONEditorModal_svelte_svelte_type_style_lang.BTMSepaS.css
2025-04-26 01:16:44,362 - INFO - Saved to: jsoneditor_static\_astro/json_schema_modal.VPS6QhpH_Z25XQyF.png
2025-04-26 01:16:44,411 - INFO - Saved to: jsoneditor_static\_astro/json_schema_validation.2NWN45Tm_ZWb3qu.png
2025-04-26 01:16:44,466 - INFO - Downloading: https://jsoneditoronline.org/_astro/JSONEditorPanel.DFsqhqUZ.css
2025-04-26 01:16:44,575 - INFO - Downloading: https://jsoneditoronline.org/_astro/JSONEditorPanel.yFWDitjL.js
2025-04-26 01:16:44,610 - INFO - Saved to: jsoneditor_static\_astro/JSONEditorComponent.bUYtOSjE.js
2025-04-26 01:16:44,610 - INFO - Saved to: jsoneditor_static\_astro/JSONEditorModal_svelte_svelte_type_style_lang.BTMSepaS.css
2025-04-26 01:16:44,681 - INFO - Downloading: https://jsoneditoronline.org/_astro/JSONNode_svelte_svelte_type_style_lang.BoNv-YGB.css
2025-04-26 01:16:44,748 - INFO - Saved to: jsoneditor_static\_astro/JSONEditorPanel.DFsqhqUZ.css
2025-04-26 01:16:44,774 - INFO - Downloading: https://jsoneditoronline.org/_astro/jsx-runtime.D_zvdyIk.js
2025-04-26 01:16:44,799 - INFO - Saved to: jsoneditor_static\_astro/JSONEditorPanel.yFWDitjL.js
2025-04-26 01:16:44,882 - INFO - Downloading: https://jsoneditoronline.org/_astro/lifecycle.qJCmZj44.js
2025-04-26 01:16:44,889 - INFO - Saved to: jsoneditor_static\_astro/JSONNode_svelte_svelte_type_style_lang.BoNv-YGB.css
2025-04-26 01:16:44,928 - INFO - Downloading: https://jsoneditoronline.org/_astro/Menu.BTQZ0sRA.js
2025-04-26 01:16:44,963 - INFO - Saved to: jsoneditor_static\_astro/jsx-runtime.D_zvdyIk.js
2025-04-26 01:16:45,022 - INFO - Downloading: https://jsoneditoronline.org/_astro/modal.Bkg2kDE0.js
2025-04-26 01:16:45,068 - INFO - Downloading: https://jsoneditoronline.org/_astro/modes.HxZr4NO-_Z8rWG6.png
2025-04-26 01:16:45,077 - INFO - Saved to: jsoneditor_static\_astro/lifecycle.qJCmZj44.js
2025-04-26 01:16:45,133 - INFO - Saved to: jsoneditor_static\_astro/Menu.BTQZ0sRA.js
2025-04-26 01:16:45,240 - INFO - Downloading: https://jsoneditoronline.org/_astro/new-years-day-8867131_1280.CgM53coi_136eOL.webp
2025-04-26 01:16:45,240 - INFO - Downloading: https://jsoneditoronline.org/_astro/open_document_properties.DdOYxOUS_Z1Pqoec.png
2025-04-26 01:16:45,258 - INFO - Saved to: jsoneditor_static\_astro/modal.Bkg2kDE0.js
2025-04-26 01:16:45,311 - INFO - Saved to: jsoneditor_static\_astro/modes.HxZr4NO-_Z8rWG6.png
2025-04-26 01:16:45,351 - INFO - Downloading: https://jsoneditoronline.org/_astro/open_file.v7JCXhtq_Z15kUFk.png
2025-04-26 01:16:45,443 - INFO - Downloading: https://jsoneditoronline.org/_astro/panels.Bm-v6kHP_Z1uMFkf.png
2025-04-26 01:16:45,524 - INFO - Saved to: jsoneditor_static\_astro/open_document_properties.DdOYxOUS_Z1Pqoec.png
2025-04-26 01:16:45,568 - INFO - Saved to: jsoneditor_static\_astro/new-years-day-8867131_1280.CgM53coi_136eOL.webp
2025-04-26 01:16:45,613 - INFO - Downloading: https://jsoneditoronline.org/_astro/preload-helper.CLcXU_4U.js
2025-04-26 01:16:45,646 - INFO - Saved to: jsoneditor_static\_astro/open_file.v7JCXhtq_Z15kUFk.png
2025-04-26 01:16:45,691 - INFO - Downloading: https://jsoneditoronline.org/_astro/PricingPlansModal.CsfcNgzq.js
2025-04-26 01:16:45,789 - INFO - Saved to: jsoneditor_static\_astro/panels.Bm-v6kHP_Z1uMFkf.png
2025-04-26 01:16:45,893 - INFO - Downloading: https://jsoneditoronline.org/_astro/PricingTable.C-drzN-W.js
2025-04-26 01:16:45,908 - INFO - Downloading: https://jsoneditoronline.org/_astro/prompt.lRC3jknX.js
2025-04-26 01:16:45,925 - INFO - Saved to: jsoneditor_static\_astro/preload-helper.CLcXU_4U.js
2025-04-26 01:16:45,935 - INFO - Saved to: jsoneditor_static\_astro/PricingPlansModal.CsfcNgzq.js
2025-04-26 01:16:46,017 - INFO - Downloading: https://jsoneditoronline.org/_astro/render.CtPZhP0e.js
2025-04-26 01:16:46,047 - INFO - Downloading: https://jsoneditoronline.org/_astro/repair.BBm2CQuL_2rExNb.png
2025-04-26 01:16:46,078 - INFO - Saved to: jsoneditor_static\_astro/PricingTable.C-drzN-W.js
2025-04-26 01:16:46,123 - INFO - Saved to: jsoneditor_static\_astro/prompt.lRC3jknX.js
2025-04-26 01:16:46,211 - INFO - Saved to: jsoneditor_static\_astro/render.CtPZhP0e.js
2025-04-26 01:16:46,219 - INFO - Downloading: https://jsoneditoronline.org/_astro/river-rafting-960158_960_720.Y6ZkTmZW_ZeKjDh.webp
2025-04-26 01:16:46,294 - INFO - Downloading: https://jsoneditoronline.org/_astro/save_file.mOr49mKK_2cuWeF.png
2025-04-26 01:16:46,296 - INFO - Saved to: jsoneditor_static\_astro/repair.BBm2CQuL_2rExNb.png
2025-04-26 01:16:46,449 - INFO - Downloading: https://jsoneditoronline.org/_astro/seagull.DcRz2uTH_23lyEO.webp
2025-04-26 01:16:46,511 - INFO - Downloading: https://jsoneditoronline.org/_astro/Select_svelte_svelte_type_style_lang.BlsuIUgM.css
2025-04-26 01:16:46,525 - INFO - Saved to: jsoneditor_static\_astro/river-rafting-960158_960_720.Y6ZkTmZW_ZeKjDh.webp
2025-04-26 01:16:46,542 - INFO - Downloading: https://jsoneditoronline.org/_astro/SettingsMenu.CVXM3zqP.js
2025-04-26 01:16:46,547 - INFO - Saved to: jsoneditor_static\_astro/save_file.mOr49mKK_2cuWeF.png
2025-04-26 01:16:46,604 - INFO - Downloading: https://jsoneditoronline.org/_astro/Smart-JSON-Formatting.C8nt-sAG_ZvAcOd.webp
2025-04-26 01:16:46,695 - INFO - Saved to: jsoneditor_static\_astro/Select_svelte_svelte_type_style_lang.BlsuIUgM.css
2025-04-26 01:16:46,727 - INFO - Saved to: jsoneditor_static\_astro/seagull.DcRz2uTH_23lyEO.webp
2025-04-26 01:16:46,739 - INFO - Saved to: jsoneditor_static\_astro/SettingsMenu.CVXM3zqP.js
2025-04-26 01:16:46,818 - INFO - Saved to: jsoneditor_static\_astro/Smart-JSON-Formatting.C8nt-sAG_ZvAcOd.webp
2025-04-26 01:16:46,822 - INFO - Downloading: https://jsoneditoronline.org/_astro/snippet.BvNA_ETi.js
2025-04-26 01:16:46,853 - INFO - Downloading: https://jsoneditoronline.org/_astro/sort.BfsrNMrB_Z17vIec.png
2025-04-26 01:16:47,008 - INFO - Downloading: https://jsoneditoronline.org/_astro/tablemode.DXMc5L78_2rB6KL.png
2025-04-26 01:16:47,021 - INFO - Saved to: jsoneditor_static\_astro/snippet.BvNA_ETi.js
2025-04-26 01:16:47,023 - INFO - Downloading: https://jsoneditoronline.org/_astro/TableMode_svelte_svelte_type_style_lang.L0XTW6cY.css
2025-04-26 01:16:47,055 - INFO - Downloading: https://jsoneditoronline.org/_astro/template.B1cKsfuU.js
2025-04-26 01:16:47,079 - INFO - Saved to: jsoneditor_static\_astro/sort.BfsrNMrB_Z17vIec.png
2025-04-26 01:16:47,177 - INFO - Downloading: https://jsoneditoronline.org/_astro/textmode.BmLan0q8_Z1BLeSC.png
2025-04-26 01:16:47,329 - INFO - Saved to: jsoneditor_static\_astro/tablemode.DXMc5L78_2rB6KL.png
2025-04-26 01:16:47,338 - INFO - Saved to: jsoneditor_static\_astro/TableMode_svelte_svelte_type_style_lang.L0XTW6cY.css
2025-04-26 01:16:47,368 - INFO - Saved to: jsoneditor_static\_astro/template.B1cKsfuU.js
2025-04-26 01:16:47,376 - INFO - Downloading: https://jsoneditoronline.org/_astro/TextMode_svelte_svelte_type_style_lang.0k_ncflb.css
2025-04-26 01:16:47,392 - INFO - Downloading: https://jsoneditoronline.org/_astro/transform.CqstFpsT_2eazy0.png
2025-04-26 01:16:47,597 - INFO - Saved to: jsoneditor_static\_astro/textmode.BmLan0q8_Z1BLeSC.png
2025-04-26 01:16:47,641 - INFO - Downloading: https://jsoneditoronline.org/_astro/transform_switch_query_language.COCD6UuP_1YmE0k.png
2025-04-26 01:16:47,641 - INFO - Downloading: https://jsoneditoronline.org/_astro/TransformModal_svelte_svelte_type_style_lang.Bolwy2Kc.css
2025-04-26 01:16:47,641 - INFO - Downloading: https://jsoneditoronline.org/_astro/treemode.BN3VG7lC_1h7cQQ.png
2025-04-26 01:16:47,678 - INFO - Saved to: jsoneditor_static\_astro/TextMode_svelte_svelte_type_style_lang.0k_ncflb.css
2025-04-26 01:16:47,844 - INFO - Saved to: jsoneditor_static\_astro/transform.CqstFpsT_2eazy0.png
2025-04-26 01:16:47,932 - INFO - Downloading: https://jsoneditoronline.org/_astro/useConfig.Dv4xtEmJ.js
2025-04-26 01:16:47,979 - INFO - Downloading: https://jsoneditoronline.org/_astro/vanilla-picker.B6E6ObS_.js
2025-04-26 01:16:48,041 - INFO - Saved to: jsoneditor_static\_astro/treemode.BN3VG7lC_1h7cQQ.png
2025-04-26 01:16:48,049 - INFO - Saved to: jsoneditor_static\_astro/transform_switch_query_language.COCD6UuP_1YmE0k.png
2025-04-26 01:16:48,052 - INFO - Saved to: jsoneditor_static\_astro/TransformModal_svelte_svelte_type_style_lang.Bolwy2Kc.css
2025-04-26 01:16:48,196 - INFO - Downloading: https://jsoneditoronline.org/_astro/weight-scales-2367035-scaled.GI3EjWE__Zw5TXF.webp
2025-04-26 01:16:48,212 - INFO - Saved to: jsoneditor_static\_astro/vanilla-picker.B6E6ObS_.js
2025-04-26 01:16:48,214 - INFO - Saved to: jsoneditor_static\_astro/useConfig.Dv4xtEmJ.js
2025-04-26 01:16:48,337 - INFO - Downloading: https://jsoneditoronline.org/docs/
2025-04-26 01:16:48,368 - INFO - Downloading: https://jsoneditoronline.org/favicon.png
2025-04-26 01:16:48,368 - INFO - Downloading: https://jsoneditoronline.org/features/
2025-04-26 01:16:48,475 - INFO - Saved to: jsoneditor_static\_astro/weight-scales-2367035-scaled.GI3EjWE__Zw5TXF.webp
2025-04-26 01:16:48,477 - INFO - Downloading: https://jsoneditoronline.org/feedback/
2025-04-26 01:16:48,493 - INFO - Downloading: https://jsoneditoronline.org/images/header_background.png
2025-04-26 01:16:48,625 - INFO - Saved to: jsoneditor_static\favicon.png
2025-04-26 01:16:48,672 - INFO - Saved to: jsoneditor_static\features/index.html
2025-04-26 01:16:48,722 - INFO - Saved to: jsoneditor_static\docs/index.html
2025-04-26 01:16:48,725 - INFO - Saved to: jsoneditor_static\images/header_background.png
2025-04-26 01:16:48,774 - INFO - Saved to: jsoneditor_static\feedback/index.html
2025-04-26 01:16:48,818 - INFO - Downloading: https://jsoneditoronline.org/images/header_background@2x.png
2025-04-26 01:16:49,003 - INFO - Downloading: https://jsoneditoronline.org/images/logo.png
2025-04-26 01:16:49,003 - INFO - Downloading: https://jsoneditoronline.org/images/logo@2x.png
2025-04-26 01:16:49,003 - INFO - Downloading: https://jsoneditoronline.org/images/news/happy-new-year-small.webp
2025-04-26 01:16:49,014 - INFO - Saved to: jsoneditor_static\images/header_background@2x.png
2025-04-26 01:16:49,018 - INFO - Downloading: https://jsoneditoronline.org/images/news/keep_history.png
2025-04-26 01:16:49,063 - INFO - Downloading: https://jsoneditoronline.org/images/news/smart_json_formatting.png
2025-04-26 01:16:49,204 - INFO - Saved to: jsoneditor_static\images/logo.png
2025-04-26 01:16:49,217 - INFO - Saved to: jsoneditor_static\images/logo@2x.png
2025-04-26 01:16:49,229 - INFO - Saved to: jsoneditor_static\images/news/keep_history.png
2025-04-26 01:16:49,254 - INFO - Saved to: jsoneditor_static\images/news/happy-new-year-small.webp
2025-04-26 01:16:49,304 - INFO - Saved to: jsoneditor_static\images/news/smart_json_formatting.png
2025-04-26 01:16:49,371 - INFO - Downloading: https://jsoneditoronline.org/images/news/table_mode_search_and_replace.png
2025-04-26 01:16:49,526 - INFO - Downloading: https://jsoneditoronline.org/images/news/transform_switch_query_language.png
2025-04-26 01:16:49,542 - INFO - Downloading: https://jsoneditoronline.org/indepth/
2025-04-26 01:16:49,542 - INFO - Downloading: https://jsoneditoronline.org/index.html
2025-04-26 01:16:49,621 - INFO - Downloading: https://jsoneditoronline.org/manifest.json
2025-04-26 01:16:49,637 - INFO - Downloading: https://jsoneditoronline.org/pricing/
2025-04-26 01:16:49,679 - INFO - Saved to: jsoneditor_static\images/news/table_mode_search_and_replace.png
2025-04-26 01:16:49,776 - INFO - Saved to: jsoneditor_static\images/news/transform_switch_query_language.png
2025-04-26 01:16:49,829 - INFO - Saved to: jsoneditor_static\indepth/index.html
2025-04-26 01:16:49,865 - INFO - Saved to: jsoneditor_static\manifest.json
2025-04-26 01:16:49,926 - INFO - Saved to: jsoneditor_static\index.html
2025-04-26 01:16:49,948 - INFO - Saved to: jsoneditor_static\pricing/index.html
2025-04-26 01:16:50,069 - INFO - Downloading: https://jsoneditoronline.org/service-worker.js
2025-04-26 01:16:50,132 - INFO - Downloading: https://jsoneditoronline.org/workbox-a3cf1d8c.js
2025-04-26 01:16:50,285 - INFO - Saved to: jsoneditor_static\service-worker.js
2025-04-26 01:16:50,328 - INFO - Saved to: jsoneditor_static\workbox-a3cf1d8c.js
